<?xml version="1.0" encoding="UTF-8"?>
<testsuites name="Agent Disposition with Data File" time="25" tests="0" failures="1" errors="0">
   <testsuite name="Agent Disposition with Data File" tests="0" failures="1" errors="0" time="25" timestamp="2018-02-19 08:23:04" hostname="jcelli - 10.1.69.49" id="Test Suites/Agent Disposition with Data File">
      <properties>
         <property name="deviceName" value=""/>
         <property name="devicePlatform" value=""/>
         <property name="logFolder" value="/Users/jcelli/Documents/cXp/Automated-Testing-Suites/Functional Suite/Reports/Agent Disposition with Data File/20180219_082303"/>
         <property name="logFiles" value="/Users/jcelli/Documents/cXp/Automated-Testing-Suites/Functional Suite/Reports/Agent Disposition with Data File/20180219_082303/execution0.log"/>
         <property name="attachments" value=""/>
         <property name="hostName" value="jcelli - 10.1.69.49"/>
         <property name="os" value="Mac OS X 64bit"/>
         <property name="katalonVersion" value="5.3.0.1"/>
         <property name="browser" value="Chrome 64.0.3282.167"/>
         <property name="hostAddress" value="10.1.69.49"/>
         <property name="sessionId" value="d60f933775dcd2d71e8df0100129725d"/>
         <property name="seleniumVersion" value="3.7.1"/>
         <property name="proxyInformation" value="ProxyInformation{proxyOption=NO_PROXY, proxyServerType=HTTP, password=, proxyServerAddress=, proxyServerPort=0}"/>
         <property name="platform" value="Mac OS X"/>
      </properties>
      <testcase name="Test Cases/Reggression/Agent Enrollment" classname="Test Cases/Reggression/Agent Enrollment" status="FAILED">
         <failure type="FAILED" message="Unable to click on object 'Object Repository/Page_CTI Agent Screens/inputPDP' (Root cause: org.openqa.selenium.WebDriverException: unknown error: Element &lt;input type=&quot;button&quot; onclick=&quot;syncLeadInfo.call(new Element('input',{name:'cl_cust-8275',type:'hidden',value:'PDP'}),true);syncLeadInfo.call(new Element('input',{name:'cl_cust-961',type:'hidden',value:'Aetna Medicare'}),true);syncLeadInfo.call(new Element('input',{name:'cl_cust-8865',type:'hidden',value:'Aetna'}),true);syncLeadInfo.call(new Element('input',{name:'cl_cust-11165',type:'hidden',value:'Aetna'}),true);syncLeadInfo.call(new Element('input',{name:'cl_cust-12945',type:'hidden',value:'PDP'}),true);syncLeadInfo.call(new Element('input',{name:'cl_cust-11329',type:'hidden',value:'1'}),true);toggleDispositionFields();toggleScriptBranching();saveLeadInfo('','')&quot; value=&quot;PDP&quot;> is not clickable at point (22, 752). Other element would receive the click: &lt;td colspan=&quot;3&quot; style=&quot;vertical-align: top;&quot;>...&lt;/td>
  (Session info: chrome=64.0.3282.167)
  (Driver info: chromedriver=2.35.528157 (4429ca2590d6988c0745c24c8858745aaaec01ef),platform=Mac OS X 10.13.3 x86_64) (WARNING: The server did not provide any stacktrace information)
Command duration or timeout: 0 milliseconds
Build info: version: '3.7.1', revision: '8a0099a', time: '2017-11-06T21:07:36.161Z'
System info: host: 'James-MacBook-Pro.local', ip: 'fe80:0:0:0:1076:7f3e:6e27:b73e%en0', os.name: 'Mac OS X', os.arch: 'x86_64', os.version: '10.13.3', java.version: '1.8.0_102'
Driver info: com.kms.katalon.selenium.driver.CChromeDriver
Capabilities {acceptInsecureCerts: false, acceptSslCerts: false, applicationCacheEnabled: false, browserConnectionEnabled: false, browserName: chrome, chrome: {chromedriverVersion: 2.35.528157 (4429ca2590d698..., userDataDir: /var/folders/yw/vvs9fzk11cq...}, cssSelectorsEnabled: true, databaseEnabled: false, handlesAlerts: true, hasTouchScreen: false, javascriptEnabled: true, locationContextEnabled: true, mobileEmulationEnabled: false, nativeEvents: true, networkConnectionEnabled: false, pageLoadStrategy: normal, platform: MAC, platformName: MAC, rotatable: false, setWindowRect: true, takesHeapSnapshot: true, takesScreenshot: true, unexpectedAlertBehaviour: , unhandledPromptBehavior: , version: 64.0.3282.167, webStorageEnabled: true}
Session ID: d60f933775dcd2d71e8df0100129725d)"/>
         <system-out><![CDATA[2018-02-19 08:23:05 - [TEST_CASE][FAILED] - Test Cases/Reggression/Agent Enrollment: Test Cases/Reggression/Agent Enrollment FAILED because (of) Unable to click on object 'Object Repository/Page_CTI Agent Screens/inputPDP' (Root cause: org.openqa.selenium.WebDriverException: unknown error: Element <input type="button" onclick="syncLeadInfo.call(new Element('input',{name:'cl_cust-8275',type:'hidden',value:'PDP'}),true);syncLeadInfo.call(new Element('input',{name:'cl_cust-961',type:'hidden',value:'Aetna Medicare'}),true);syncLeadInfo.call(new Element('input',{name:'cl_cust-8865',type:'hidden',value:'Aetna'}),true);syncLeadInfo.call(new Element('input',{name:'cl_cust-11165',type:'hidden',value:'Aetna'}),true);syncLeadInfo.call(new Element('input',{name:'cl_cust-12945',type:'hidden',value:'PDP'}),true);syncLeadInfo.call(new Element('input',{name:'cl_cust-11329',type:'hidden',value:'1'}),true);toggleDispositionFields();toggleScriptBranching();saveLeadInfo('','')" value="PDP"> is not clickable at point (22, 752). Other element would receive the click: <td colspan="3" style="vertical-align: top;">...</td>
  (Session info: chrome=64.0.3282.167)
  (Driver info: chromedriver=2.35.528157 (4429ca2590d6988c0745c24c8858745aaaec01ef),platform=Mac OS X 10.13.3 x86_64) (WARNING: The server did not provide any stacktrace information)
Command duration or timeout: 0 milliseconds
Build info: version: '3.7.1', revision: '8a0099a', time: '2017-11-06T21:07:36.161Z'
System info: host: 'James-MacBook-Pro.local', ip: 'fe80:0:0:0:1076:7f3e:6e27:b73e%en0', os.name: 'Mac OS X', os.arch: 'x86_64', os.version: '10.13.3', java.version: '1.8.0_102'
Driver info: com.kms.katalon.selenium.driver.CChromeDriver
Capabilities {acceptInsecureCerts: false, acceptSslCerts: false, applicationCacheEnabled: false, browserConnectionEnabled: false, browserName: chrome, chrome: {chromedriverVersion: 2.35.528157 (4429ca2590d698..., userDataDir: /var/folders/yw/vvs9fzk11cq...}, cssSelectorsEnabled: true, databaseEnabled: false, handlesAlerts: true, hasTouchScreen: false, javascriptEnabled: true, locationContextEnabled: true, mobileEmulationEnabled: false, nativeEvents: true, networkConnectionEnabled: false, pageLoadStrategy: normal, platform: MAC, platformName: MAC, rotatable: false, setWindowRect: true, takesHeapSnapshot: true, takesScreenshot: true, unexpectedAlertBehaviour: , unhandledPromptBehavior: , version: 64.0.3282.167, webStorageEnabled: true}
Session ID: d60f933775dcd2d71e8df0100129725d)

2018-02-19 08:23:05 - [TEST_STEP][PASSED] - openBrowser: Browser is opened with url: 'https://patch-testing-web1.callproxe.com/cti/agents'

2018-02-19 08:23:07 - [MESSAGE][PASSED] - Browser is opened with url: 'https://patch-testing-web1.callproxe.com/cti/agents'

2018-02-19 08:23:07 - [TEST_STEP][PASSED] - maximizeWindow: Current window maximized

2018-02-19 08:23:08 - [MESSAGE][PASSED] - Current window maximized

2018-02-19 08:23:08 - [TEST_STEP][PASSED] - waitForElementVisible: Object 'Object Repository/Page_CTI Agent Screens/input_username' is visible

2018-02-19 08:23:08 - [MESSAGE][PASSED] - Object 'Object Repository/Page_CTI Agent Screens/input_username' is visible

2018-02-19 08:23:08 - [TEST_STEP][PASSED] - setText: Text 'a002' is set on object 'Object Repository/Page_CTI Agent Screens/input_username'

2018-02-19 08:23:08 - [MESSAGE][PASSED] - Text 'a002' is set on object 'Object Repository/Page_CTI Agent Screens/input_username'

2018-02-19 08:23:08 - [TEST_STEP][PASSED] - setText: Text 'pass002' is set on object 'Object Repository/Page_CTI Agent Screens/input_password'

2018-02-19 08:23:08 - [MESSAGE][PASSED] - Text 'pass002' is set on object 'Object Repository/Page_CTI Agent Screens/input_password'

2018-02-19 08:23:08 - [TEST_STEP][PASSED] - sendKeys: Keys 'ENTER + ' sent to object: 'Object Repository/Page_CTI Agent Screens/input_password'

2018-02-19 08:23:08 - [MESSAGE][PASSED] - Keys 'ENTER + ' sent to object: 'Object Repository/Page_CTI Agent Screens/input_password'

2018-02-19 08:23:08 - [TEST_STEP][PASSED] - waitForElementVisible: Object 'Object Repository/Page_CTI Agent Screens/inputLogin' is visible

2018-02-19 08:23:11 - [MESSAGE][PASSED] - Object 'Object Repository/Page_CTI Agent Screens/inputLogin' is visible

2018-02-19 08:23:11 - [TEST_STEP][PASSED] - click: Object: 'Object Repository/Page_CTI Agent Screens/inputLogin' is clicked on

2018-02-19 08:23:11 - [MESSAGE][PASSED] - Object: 'Object Repository/Page_CTI Agent Screens/inputLogin' is clicked on

2018-02-19 08:23:11 - [TEST_STEP][PASSED] - click: Object: 'Object Repository/Page_CTI Agent Screens/li_Initiate Connection' is clicked on

2018-02-19 08:23:14 - [MESSAGE][PASSED] - Object: 'Object Repository/Page_CTI Agent Screens/li_Initiate Connection' is clicked on

2018-02-19 08:23:14 - [TEST_STEP][PASSED] - click: Object: 'Object Repository/Page_CTI Agent Screens/button_Nailup' is clicked on

2018-02-19 08:23:15 - [MESSAGE][PASSED] - Object: 'Object Repository/Page_CTI Agent Screens/button_Nailup' is clicked on

2018-02-19 08:23:15 - [TEST_STEP][PASSED] - waitForElementNotVisible: Object 'Object Repository/Page_CTI Agent Screens/li_Initiate Connection' is NOT visible

2018-02-19 08:23:20 - [MESSAGE][PASSED] - Object 'Object Repository/Page_CTI Agent Screens/li_Initiate Connection' is NOT visible

2018-02-19 08:23:20 - [TEST_STEP][PASSED] - click: Object: 'Object Repository/Page_CTI Agent Screens/li_Initiate Agent' is clicked on

2018-02-19 08:23:20 - [MESSAGE][PASSED] - Object: 'Object Repository/Page_CTI Agent Screens/li_Initiate Agent' is clicked on

2018-02-19 08:23:20 - [TEST_STEP][PASSED] - click: Object: 'Object Repository/Page_CTI Agent Screens/a_here' is clicked on

2018-02-19 08:23:21 - [MESSAGE][PASSED] - Object: 'Object Repository/Page_CTI Agent Screens/a_here' is clicked on

2018-02-19 08:23:21 - [TEST_STEP][PASSED] - selectOptionByValue: All options with value 'QUESTIONS ABOUT PLAN / GENERAL QUESTIONS' are selected in object 'Object Repository/Page_CTI Agent Screens/select_QUESTIONS ABOUT PLAN  G'  using regular expression

2018-02-19 08:23:23 - [MESSAGE][PASSED] - All options with value 'QUESTIONS ABOUT PLAN / GENERAL QUESTIONS' are selected in object 'Object Repository/Page_CTI Agent Screens/select_QUESTIONS ABOUT PLAN  G'  using regular expression

2018-02-19 08:23:23 - [TEST_STEP][PASSED] - waitForElementClickable: Object 'Object Repository/Page_CTI Agent Screens/inputContinue' is clickable

2018-02-19 08:23:23 - [MESSAGE][PASSED] - Object 'Object Repository/Page_CTI Agent Screens/inputContinue' is clickable

2018-02-19 08:23:23 - [TEST_STEP][PASSED] - click: Object: 'Object Repository/Page_CTI Agent Screens/inputContinue' is clicked on

2018-02-19 08:23:24 - [MESSAGE][PASSED] - Object: 'Object Repository/Page_CTI Agent Screens/inputContinue' is clicked on

2018-02-19 08:23:24 - [TEST_STEP][PASSED] - waitForElementVisible: Object 'Object Repository/Page_CTI Agent Screens/input_cl_cust-8231' is visible

2018-02-19 08:23:24 - [MESSAGE][PASSED] - Object 'Object Repository/Page_CTI Agent Screens/input_cl_cust-8231' is visible

2018-02-19 08:23:24 - [TEST_STEP][PASSED] - setText: Text 'Test' is set on object 'Object Repository/Page_CTI Agent Screens/input_cl_cust-8231'

2018-02-19 08:23:24 - [MESSAGE][PASSED] - Text 'Test' is set on object 'Object Repository/Page_CTI Agent Screens/input_cl_cust-8231'

2018-02-19 08:23:24 - [TEST_STEP][PASSED] - setText: Text 'E' is set on object 'Object Repository/Page_CTI Agent Screens/input_cl_cust-1081'

2018-02-19 08:23:24 - [MESSAGE][PASSED] - Text 'E' is set on object 'Object Repository/Page_CTI Agent Screens/input_cl_cust-1081'

2018-02-19 08:23:24 - [TEST_STEP][PASSED] - setText: Text 'Test' is set on object 'Object Repository/Page_CTI Agent Screens/input_cl_cust-8230'

2018-02-19 08:23:24 - [MESSAGE][PASSED] - Text 'Test' is set on object 'Object Repository/Page_CTI Agent Screens/input_cl_cust-8230'

2018-02-19 08:23:24 - [TEST_STEP][PASSED] - click: Object: 'Object Repository/Page_CTI Agent Screens/div_script_content_1766447' is clicked on

2018-02-19 08:23:24 - [MESSAGE][PASSED] - Object: 'Object Repository/Page_CTI Agent Screens/div_script_content_1766447' is clicked on

2018-02-19 08:23:24 - [TEST_STEP][PASSED] - waitForElementVisible: Object 'Object Repository/Page_CTI Agent Screens/select_SelfSomeone Else' is visible

2018-02-19 08:23:24 - [MESSAGE][PASSED] - Object 'Object Repository/Page_CTI Agent Screens/select_SelfSomeone Else' is visible

2018-02-19 08:23:24 - [TEST_STEP][PASSED] - selectOptionByValue: All options with value 'Self' are selected in object 'Object Repository/Page_CTI Agent Screens/select_SelfSomeone Else'  using regular expression

2018-02-19 08:23:24 - [MESSAGE][PASSED] - All options with value 'Self' are selected in object 'Object Repository/Page_CTI Agent Screens/select_SelfSomeone Else'  using regular expression

2018-02-19 08:23:24 - [TEST_STEP][PASSED] - setText: Text '1234567890' is set on object 'Object Repository/Page_CTI Agent Screens/input_cl_cust-7741'

2018-02-19 08:23:24 - [MESSAGE][PASSED] - Text '1234567890' is set on object 'Object Repository/Page_CTI Agent Screens/input_cl_cust-7741'

2018-02-19 08:23:24 - [TEST_STEP][PASSED] - click: Object: 'Object Repository/Page_CTI Agent Screens/div_Check box below if caller' is clicked on

2018-02-19 08:23:24 - [MESSAGE][PASSED] - Object: 'Object Repository/Page_CTI Agent Screens/div_Check box below if caller' is clicked on

2018-02-19 08:23:24 - [TEST_STEP][PASSED] - waitForElementVisible: Object 'Object Repository/Page_CTI Agent Screens/select_YESNO' is visible

2018-02-19 08:23:24 - [MESSAGE][PASSED] - Object 'Object Repository/Page_CTI Agent Screens/select_YESNO' is visible

2018-02-19 08:23:24 - [TEST_STEP][PASSED] - selectOptionByValue: All options with value 'NO' are selected in object 'Object Repository/Page_CTI Agent Screens/select_YESNO'  using regular expression

2018-02-19 08:23:25 - [MESSAGE][PASSED] - All options with value 'NO' are selected in object 'Object Repository/Page_CTI Agent Screens/select_YESNO'  using regular expression

2018-02-19 08:23:25 - [TEST_STEP][PASSED] - selectOptionByValue: All options with value 'NO' are selected in object 'Object Repository/Page_CTI Agent Screens/select_YESNO_1'  using regular expression

2018-02-19 08:23:25 - [MESSAGE][PASSED] - All options with value 'NO' are selected in object 'Object Repository/Page_CTI Agent Screens/select_YESNO_1'  using regular expression

2018-02-19 08:23:25 - [TEST_STEP][PASSED] - click: Object: 'Object Repository/Page_CTI Agent Screens/div_May I have your email addr' is clicked on

2018-02-19 08:23:25 - [MESSAGE][PASSED] - Object: 'Object Repository/Page_CTI Agent Screens/div_May I have your email addr' is clicked on

2018-02-19 08:23:25 - [TEST_STEP][PASSED] - selectOptionByValue: All options with value 'NO' are selected in object 'Object Repository/Page_CTI Agent Screens/select_YESNO_2'  using regular expression

2018-02-19 08:23:25 - [MESSAGE][PASSED] - All options with value 'NO' are selected in object 'Object Repository/Page_CTI Agent Screens/select_YESNO_2'  using regular expression

2018-02-19 08:23:25 - [TEST_STEP][PASSED] - waitForElementVisible: Object 'Object Repository/Page_CTI Agent Screens/input_cl_cust-3631' is visible

2018-02-19 08:23:25 - [MESSAGE][PASSED] - Object 'Object Repository/Page_CTI Agent Screens/input_cl_cust-3631' is visible

2018-02-19 08:23:25 - [TEST_STEP][PASSED] - setText: Text '90210' is set on object 'Object Repository/Page_CTI Agent Screens/input_cl_cust-3631'

2018-02-19 08:23:25 - [MESSAGE][PASSED] - Text '90210' is set on object 'Object Repository/Page_CTI Agent Screens/input_cl_cust-3631'

2018-02-19 08:23:25 - [TEST_STEP][PASSED] - click: Object: 'Object Repository/Page_CTI Agent Screens/div_script_content_1766447' is clicked on

2018-02-19 08:23:25 - [MESSAGE][PASSED] - Object: 'Object Repository/Page_CTI Agent Screens/div_script_content_1766447' is clicked on

2018-02-19 08:23:25 - [TEST_STEP][PASSED] - waitForElementVisible: Object 'Object Repository/Page_CTI Agent Screens/inputCountyLookup' is visible

2018-02-19 08:23:25 - [MESSAGE][PASSED] - Object 'Object Repository/Page_CTI Agent Screens/inputCountyLookup' is visible

2018-02-19 08:23:25 - [TEST_STEP][PASSED] - click: Object: 'Object Repository/Page_CTI Agent Screens/inputCountyLookup' is clicked on

2018-02-19 08:23:25 - [MESSAGE][PASSED] - Object: 'Object Repository/Page_CTI Agent Screens/inputCountyLookup' is clicked on

2018-02-19 08:23:25 - [TEST_STEP][PASSED] - click: Object: 'Object Repository/Page_CTI Agent Screens/td_PDP and MA' is clicked on

2018-02-19 08:23:26 - [MESSAGE][PASSED] - Object: 'Object Repository/Page_CTI Agent Screens/td_PDP and MA' is clicked on

2018-02-19 08:23:26 - [TEST_STEP][PASSED] - waitForElementVisible: Object 'Object Repository/Page_CTI Agent Screens/inputINTRO' is visible

2018-02-19 08:23:27 - [MESSAGE][PASSED] - Object 'Object Repository/Page_CTI Agent Screens/inputINTRO' is visible

2018-02-19 08:23:27 - [TEST_STEP][PASSED] - click: Object: 'Object Repository/Page_CTI Agent Screens/inputINTRO' is clicked on

2018-02-19 08:23:27 - [MESSAGE][PASSED] - Object: 'Object Repository/Page_CTI Agent Screens/inputINTRO' is clicked on

2018-02-19 08:23:27 - [TEST_STEP][PASSED] - waitForElementVisible: Object 'Object Repository/Page_CTI Agent Screens/select_YESNO_3' is visible

2018-02-19 08:23:28 - [MESSAGE][PASSED] - Object 'Object Repository/Page_CTI Agent Screens/select_YESNO_3' is visible

2018-02-19 08:23:28 - [TEST_STEP][PASSED] - selectOptionByValue: All options with value 'NO' are selected in object 'Object Repository/Page_CTI Agent Screens/select_YESNO_3'  using regular expression

2018-02-19 08:23:28 - [MESSAGE][PASSED] - All options with value 'NO' are selected in object 'Object Repository/Page_CTI Agent Screens/select_YESNO_3'  using regular expression

2018-02-19 08:23:28 - [TEST_STEP][PASSED] - selectOptionByValue: All options with value 'NO' are selected in object 'Object Repository/Page_CTI Agent Screens/select_YESNO_4'  using regular expression

2018-02-19 08:23:28 - [MESSAGE][PASSED] - All options with value 'NO' are selected in object 'Object Repository/Page_CTI Agent Screens/select_YESNO_4'  using regular expression

2018-02-19 08:23:28 - [TEST_STEP][PASSED] - selectOptionByValue: All options with value 'NO' are selected in object 'Object Repository/Page_CTI Agent Screens/select_YESNO_5'  using regular expression

2018-02-19 08:23:29 - [MESSAGE][PASSED] - All options with value 'NO' are selected in object 'Object Repository/Page_CTI Agent Screens/select_YESNO_5'  using regular expression

2018-02-19 08:23:29 - [TEST_STEP][PASSED] - waitForElementVisible: Object 'Object Repository/Page_CTI Agent Screens/inputKits' is visible

2018-02-19 08:23:29 - [MESSAGE][PASSED] - Object 'Object Repository/Page_CTI Agent Screens/inputKits' is visible

2018-02-19 08:23:29 - [TEST_STEP][PASSED] - click: Object: 'Object Repository/Page_CTI Agent Screens/inputKits' is clicked on

2018-02-19 08:23:29 - [MESSAGE][PASSED] - Object: 'Object Repository/Page_CTI Agent Screens/inputKits' is clicked on

2018-02-19 08:23:29 - [TEST_STEP][PASSED] - waitForElementVisible: Object 'Object Repository/Page_CTI Agent Screens/inputPDP' is visible

2018-02-19 08:23:30 - [MESSAGE][PASSED] - Object 'Object Repository/Page_CTI Agent Screens/inputPDP' is visible

2018-02-19 08:23:30 - [TEST_STEP][FAILED] - click: Unable to click on object 'Object Repository/Page_CTI Agent Screens/inputPDP' (Root cause: org.openqa.selenium.WebDriverException: unknown error: Element <input type="button" onclick="syncLeadInfo.call(new Element('input',{name:'cl_cust-8275',type:'hidden',value:'PDP'}),true);syncLeadInfo.call(new Element('input',{name:'cl_cust-961',type:'hidden',value:'Aetna Medicare'}),true);syncLeadInfo.call(new Element('input',{name:'cl_cust-8865',type:'hidden',value:'Aetna'}),true);syncLeadInfo.call(new Element('input',{name:'cl_cust-11165',type:'hidden',value:'Aetna'}),true);syncLeadInfo.call(new Element('input',{name:'cl_cust-12945',type:'hidden',value:'PDP'}),true);syncLeadInfo.call(new Element('input',{name:'cl_cust-11329',type:'hidden',value:'1'}),true);toggleDispositionFields();toggleScriptBranching();saveLeadInfo('','')" value="PDP"> is not clickable at point (22, 752). Other element would receive the click: <td colspan="3" style="vertical-align: top;">...</td>
  (Session info: chrome=64.0.3282.167)
  (Driver info: chromedriver=2.35.528157 (4429ca2590d6988c0745c24c8858745aaaec01ef),platform=Mac OS X 10.13.3 x86_64) (WARNING: The server did not provide any stacktrace information)
Command duration or timeout: 0 milliseconds
Build info: version: '3.7.1', revision: '8a0099a', time: '2017-11-06T21:07:36.161Z'
System info: host: 'James-MacBook-Pro.local', ip: 'fe80:0:0:0:1076:7f3e:6e27:b73e%en0', os.name: 'Mac OS X', os.arch: 'x86_64', os.version: '10.13.3', java.version: '1.8.0_102'
Driver info: com.kms.katalon.selenium.driver.CChromeDriver
Capabilities {acceptInsecureCerts: false, acceptSslCerts: false, applicationCacheEnabled: false, browserConnectionEnabled: false, browserName: chrome, chrome: {chromedriverVersion: 2.35.528157 (4429ca2590d698..., userDataDir: /var/folders/yw/vvs9fzk11cq...}, cssSelectorsEnabled: true, databaseEnabled: false, handlesAlerts: true, hasTouchScreen: false, javascriptEnabled: true, locationContextEnabled: true, mobileEmulationEnabled: false, nativeEvents: true, networkConnectionEnabled: false, pageLoadStrategy: normal, platform: MAC, platformName: MAC, rotatable: false, setWindowRect: true, takesHeapSnapshot: true, takesScreenshot: true, unexpectedAlertBehaviour: , unhandledPromptBehavior: , version: 64.0.3282.167, webStorageEnabled: true}
Session ID: d60f933775dcd2d71e8df0100129725d)

2018-02-19 08:23:30 - [MESSAGE][FAILED] - Unable to click on object 'Object Repository/Page_CTI Agent Screens/inputPDP' (Root cause: org.openqa.selenium.WebDriverException: unknown error: Element <input type="button" onclick="syncLeadInfo.call(new Element('input',{name:'cl_cust-8275',type:'hidden',value:'PDP'}),true);syncLeadInfo.call(new Element('input',{name:'cl_cust-961',type:'hidden',value:'Aetna Medicare'}),true);syncLeadInfo.call(new Element('input',{name:'cl_cust-8865',type:'hidden',value:'Aetna'}),true);syncLeadInfo.call(new Element('input',{name:'cl_cust-11165',type:'hidden',value:'Aetna'}),true);syncLeadInfo.call(new Element('input',{name:'cl_cust-12945',type:'hidden',value:'PDP'}),true);syncLeadInfo.call(new Element('input',{name:'cl_cust-11329',type:'hidden',value:'1'}),true);toggleDispositionFields();toggleScriptBranching();saveLeadInfo('','')" value="PDP"> is not clickable at point (22, 752). Other element would receive the click: <td colspan="3" style="vertical-align: top;">...</td>
  (Session info: chrome=64.0.3282.167)
  (Driver info: chromedriver=2.35.528157 (4429ca2590d6988c0745c24c8858745aaaec01ef),platform=Mac OS X 10.13.3 x86_64) (WARNING: The server did not provide any stacktrace information)
Command duration or timeout: 0 milliseconds
Build info: version: '3.7.1', revision: '8a0099a', time: '2017-11-06T21:07:36.161Z'
System info: host: 'James-MacBook-Pro.local', ip: 'fe80:0:0:0:1076:7f3e:6e27:b73e%en0', os.name: 'Mac OS X', os.arch: 'x86_64', os.version: '10.13.3', java.version: '1.8.0_102'
Driver info: com.kms.katalon.selenium.driver.CChromeDriver
Capabilities {acceptInsecureCerts: false, acceptSslCerts: false, applicationCacheEnabled: false, browserConnectionEnabled: false, browserName: chrome, chrome: {chromedriverVersion: 2.35.528157 (4429ca2590d698..., userDataDir: /var/folders/yw/vvs9fzk11cq...}, cssSelectorsEnabled: true, databaseEnabled: false, handlesAlerts: true, hasTouchScreen: false, javascriptEnabled: true, locationContextEnabled: true, mobileEmulationEnabled: false, nativeEvents: true, networkConnectionEnabled: false, pageLoadStrategy: normal, platform: MAC, platformName: MAC, rotatable: false, setWindowRect: true, takesHeapSnapshot: true, takesScreenshot: true, unexpectedAlertBehaviour: , unhandledPromptBehavior: , version: 64.0.3282.167, webStorageEnabled: true}
Session ID: d60f933775dcd2d71e8df0100129725d)]]></system-out>
         <system-err><![CDATA[2018-02-19 08:23:05 - [TEST_CASE][FAILED] - Test Cases/Reggression/Agent Enrollment: Test Cases/Reggression/Agent Enrollment FAILED because (of) Unable to click on object 'Object Repository/Page_CTI Agent Screens/inputPDP' (Root cause: org.openqa.selenium.WebDriverException: unknown error: Element <input type="button" onclick="syncLeadInfo.call(new Element('input',{name:'cl_cust-8275',type:'hidden',value:'PDP'}),true);syncLeadInfo.call(new Element('input',{name:'cl_cust-961',type:'hidden',value:'Aetna Medicare'}),true);syncLeadInfo.call(new Element('input',{name:'cl_cust-8865',type:'hidden',value:'Aetna'}),true);syncLeadInfo.call(new Element('input',{name:'cl_cust-11165',type:'hidden',value:'Aetna'}),true);syncLeadInfo.call(new Element('input',{name:'cl_cust-12945',type:'hidden',value:'PDP'}),true);syncLeadInfo.call(new Element('input',{name:'cl_cust-11329',type:'hidden',value:'1'}),true);toggleDispositionFields();toggleScriptBranching();saveLeadInfo('','')" value="PDP"> is not clickable at point (22, 752). Other element would receive the click: <td colspan="3" style="vertical-align: top;">...</td>
  (Session info: chrome=64.0.3282.167)
  (Driver info: chromedriver=2.35.528157 (4429ca2590d6988c0745c24c8858745aaaec01ef),platform=Mac OS X 10.13.3 x86_64) (WARNING: The server did not provide any stacktrace information)
Command duration or timeout: 0 milliseconds
Build info: version: '3.7.1', revision: '8a0099a', time: '2017-11-06T21:07:36.161Z'
System info: host: 'James-MacBook-Pro.local', ip: 'fe80:0:0:0:1076:7f3e:6e27:b73e%en0', os.name: 'Mac OS X', os.arch: 'x86_64', os.version: '10.13.3', java.version: '1.8.0_102'
Driver info: com.kms.katalon.selenium.driver.CChromeDriver
Capabilities {acceptInsecureCerts: false, acceptSslCerts: false, applicationCacheEnabled: false, browserConnectionEnabled: false, browserName: chrome, chrome: {chromedriverVersion: 2.35.528157 (4429ca2590d698..., userDataDir: /var/folders/yw/vvs9fzk11cq...}, cssSelectorsEnabled: true, databaseEnabled: false, handlesAlerts: true, hasTouchScreen: false, javascriptEnabled: true, locationContextEnabled: true, mobileEmulationEnabled: false, nativeEvents: true, networkConnectionEnabled: false, pageLoadStrategy: normal, platform: MAC, platformName: MAC, rotatable: false, setWindowRect: true, takesHeapSnapshot: true, takesScreenshot: true, unexpectedAlertBehaviour: , unhandledPromptBehavior: , version: 64.0.3282.167, webStorageEnabled: true}
Session ID: d60f933775dcd2d71e8df0100129725d)]]></system-err>
      </testcase>
      <system-out><![CDATA[2018-02-19 08:23:04 - [TEST_SUITE][FAILED] - Agent Disposition with Data File: Test Cases/Reggression/Agent Enrollment FAILED because (of) Unable to click on object 'Object Repository/Page_CTI Agent Screens/inputPDP' (Root cause: org.openqa.selenium.WebDriverException: unknown error: Element <input type="button" onclick="syncLeadInfo.call(new Element('input',{name:'cl_cust-8275',type:'hidden',value:'PDP'}),true);syncLeadInfo.call(new Element('input',{name:'cl_cust-961',type:'hidden',value:'Aetna Medicare'}),true);syncLeadInfo.call(new Element('input',{name:'cl_cust-8865',type:'hidden',value:'Aetna'}),true);syncLeadInfo.call(new Element('input',{name:'cl_cust-11165',type:'hidden',value:'Aetna'}),true);syncLeadInfo.call(new Element('input',{name:'cl_cust-12945',type:'hidden',value:'PDP'}),true);syncLeadInfo.call(new Element('input',{name:'cl_cust-11329',type:'hidden',value:'1'}),true);toggleDispositionFields();toggleScriptBranching();saveLeadInfo('','')" value="PDP"> is not clickable at point (22, 752). Other element would receive the click: <td colspan="3" style="vertical-align: top;">...</td>
  (Session info: chrome=64.0.3282.167)
  (Driver info: chromedriver=2.35.528157 (4429ca2590d6988c0745c24c8858745aaaec01ef),platform=Mac OS X 10.13.3 x86_64) (WARNING: The server did not provide any stacktrace information)
Command duration or timeout: 0 milliseconds
Build info: version: '3.7.1', revision: '8a0099a', time: '2017-11-06T21:07:36.161Z'
System info: host: 'James-MacBook-Pro.local', ip: 'fe80:0:0:0:1076:7f3e:6e27:b73e%en0', os.name: 'Mac OS X', os.arch: 'x86_64', os.version: '10.13.3', java.version: '1.8.0_102'
Driver info: com.kms.katalon.selenium.driver.CChromeDriver
Capabilities {acceptInsecureCerts: false, acceptSslCerts: false, applicationCacheEnabled: false, browserConnectionEnabled: false, browserName: chrome, chrome: {chromedriverVersion: 2.35.528157 (4429ca2590d698..., userDataDir: /var/folders/yw/vvs9fzk11cq...}, cssSelectorsEnabled: true, databaseEnabled: false, handlesAlerts: true, hasTouchScreen: false, javascriptEnabled: true, locationContextEnabled: true, mobileEmulationEnabled: false, nativeEvents: true, networkConnectionEnabled: false, pageLoadStrategy: normal, platform: MAC, platformName: MAC, rotatable: false, setWindowRect: true, takesHeapSnapshot: true, takesScreenshot: true, unexpectedAlertBehaviour: , unhandledPromptBehavior: , version: 64.0.3282.167, webStorageEnabled: true}
Session ID: d60f933775dcd2d71e8df0100129725d)]]></system-out>
      <system-err><![CDATA[2018-02-19 08:23:04 - [TEST_SUITE][FAILED] - Agent Disposition with Data File: Test Cases/Reggression/Agent Enrollment FAILED because (of) Unable to click on object 'Object Repository/Page_CTI Agent Screens/inputPDP' (Root cause: org.openqa.selenium.WebDriverException: unknown error: Element <input type="button" onclick="syncLeadInfo.call(new Element('input',{name:'cl_cust-8275',type:'hidden',value:'PDP'}),true);syncLeadInfo.call(new Element('input',{name:'cl_cust-961',type:'hidden',value:'Aetna Medicare'}),true);syncLeadInfo.call(new Element('input',{name:'cl_cust-8865',type:'hidden',value:'Aetna'}),true);syncLeadInfo.call(new Element('input',{name:'cl_cust-11165',type:'hidden',value:'Aetna'}),true);syncLeadInfo.call(new Element('input',{name:'cl_cust-12945',type:'hidden',value:'PDP'}),true);syncLeadInfo.call(new Element('input',{name:'cl_cust-11329',type:'hidden',value:'1'}),true);toggleDispositionFields();toggleScriptBranching();saveLeadInfo('','')" value="PDP"> is not clickable at point (22, 752). Other element would receive the click: <td colspan="3" style="vertical-align: top;">...</td>
  (Session info: chrome=64.0.3282.167)
  (Driver info: chromedriver=2.35.528157 (4429ca2590d6988c0745c24c8858745aaaec01ef),platform=Mac OS X 10.13.3 x86_64) (WARNING: The server did not provide any stacktrace information)
Command duration or timeout: 0 milliseconds
Build info: version: '3.7.1', revision: '8a0099a', time: '2017-11-06T21:07:36.161Z'
System info: host: 'James-MacBook-Pro.local', ip: 'fe80:0:0:0:1076:7f3e:6e27:b73e%en0', os.name: 'Mac OS X', os.arch: 'x86_64', os.version: '10.13.3', java.version: '1.8.0_102'
Driver info: com.kms.katalon.selenium.driver.CChromeDriver
Capabilities {acceptInsecureCerts: false, acceptSslCerts: false, applicationCacheEnabled: false, browserConnectionEnabled: false, browserName: chrome, chrome: {chromedriverVersion: 2.35.528157 (4429ca2590d698..., userDataDir: /var/folders/yw/vvs9fzk11cq...}, cssSelectorsEnabled: true, databaseEnabled: false, handlesAlerts: true, hasTouchScreen: false, javascriptEnabled: true, locationContextEnabled: true, mobileEmulationEnabled: false, nativeEvents: true, networkConnectionEnabled: false, pageLoadStrategy: normal, platform: MAC, platformName: MAC, rotatable: false, setWindowRect: true, takesHeapSnapshot: true, takesScreenshot: true, unexpectedAlertBehaviour: , unhandledPromptBehavior: , version: 64.0.3282.167, webStorageEnabled: true}
Session ID: d60f933775dcd2d71e8df0100129725d)]]></system-err>
   </testsuite>
</testsuites>
